  Building Custom Rule D:/Coding/Game Hacking/pthom/imguibundle/imgui_bundle/build/_deps/lunasvg-src/CMakeLists.txt
  lunasvg.cpp
  element.cpp
  property.cpp
  parser.cpp
  layoutcontext.cpp
  canvas.cpp
  clippathelement.cpp
  defselement.cpp
  gelement.cpp
  geometryelement.cpp
  graphicselement.cpp
  maskelement.cpp
  markerelement.cpp
  paintelement.cpp
  stopelement.cpp
  styledelement.cpp
  styleelement.cpp
  svgelement.cpp
  symbolelement.cpp
  useelement.cpp
  Generating Code...
  plutovg.c
  plutovg-paint.c
  plutovg-geometry.c
  plutovg-blend.c
  plutovg-rle.c
  plutovg-dash.c
  plutovg-ft-raster.c
  plutovg-ft-stroker.c
  plutovg-ft-math.c
  Generating Code...
  lunasvg.vcxproj -> D:\Coding\Game Hacking\pthom\imguibundle\imgui_bundle\build\_deps\lunasvg-build\Debug\lunasvg.lib
